<?xml version="1.0" encoding="UTF-8"?>
<testsuite xmlns:xsi="http://www.w3.org/2001/XMLSchema-instance" xsi:noNamespaceSchemaLocation="https://maven.apache.org/surefire/maven-surefire-plugin/xsd/surefire-test-report-3.0.xsd" version="3.0" name="com.example.userservice.unit.UserServiceTest" time="0.039" tests="18" errors="0" skipped="0" failures="0">
  <properties>
[...]
</properties>
  <testcase name="shouldUpdateUserWithPartialData" classname="com.example.userservice.unit.UserServiceTest" time="0.024"/>
  <testcase name="shouldReturnEmptyWhenUserNotFoundByEmail" classname="com.example.userservice.unit.UserServiceTest" time="0.001"/>
  <testcase name="shouldCheckIfEmailExists" classname="com.example.userservice.unit.UserServiceTest" time="0"/>
  <testcase name="shouldThrowExceptionWhenUserNotFoundById" classname="com.example.userservice.unit.UserServiceTest" time="0.001"/>
  <testcase name="shouldReturnAllUsers" classname="com.example.userservice.unit.UserServiceTest" time="0.002"/>
  <testcase name="shouldReturnFalseWhenDeletingNonExistentUser" classname="com.example.userservice.unit.UserServiceTest" time="0"/>
  <testcase name="shouldDeleteUserSuccessfully" classname="com.example.userservice.unit.UserServiceTest" time="0"/>
  <testcase name="shouldUpdateUserWithSameEmail" classname="com.example.userservice.unit.UserServiceTest" time="0.001"/>
  <testcase name="shouldUpdateUserSuccessfully" classname="com.example.userservice.unit.UserServiceTest" time="0.001"/>
  <testcase name="shouldThrowExceptionWhenUpdatingNonExistentUser" classname="com.example.userservice.unit.UserServiceTest" time="0.001"/>
  <testcase name="shouldFindUserByIdSuccessfully" classname="com.example.userservice.unit.UserServiceTest" time="0.001"/>
  <testcase name="shouldReturnUsersWithPagination" classname="com.example.userservice.unit.UserServiceTest" time="0"/>
  <testcase name="shouldThrowExceptionForInvalidPagination" classname="com.example.userservice.unit.UserServiceTest" time="0"/>
  <testcase name="shouldReturnUserCount" classname="com.example.userservice.unit.UserServiceTest" time="0.001"/>
  <testcase name="shouldThrowExceptionWhenEmailExists" classname="com.example.userservice.unit.UserServiceTest" time="0.001"/>
  <testcase name="shouldCheckIfUserExists" classname="com.example.userservice.unit.UserServiceTest" time="0.001"/>
  <testcase name="shouldCreateUserSuccessfully" classname="com.example.userservice.unit.UserServiceTest" time="0"/>
  <testcase name="shouldFindUserByEmailSuccessfully" classname="com.example.userservice.unit.UserServiceTest" time="0"/>
</testsuite>